<?xml version="1.0" encoding="UTF-8"?>
<testsuite xmlns:xsi="http://www.w3.org/2001/XMLSchema-instance" xsi:noNamespaceSchemaLocation="https://maven.apache.org/surefire/maven-surefire-plugin/xsd/surefire-test-report.xsd" version="3.0.2" name="TestSuite" time="2.596" tests="4" errors="0" skipped="0" failures="0">
  <properties>
    <property name="java.specification.version" value="22"/>
    <property name="sun.jnu.encoding" value="UTF-8"/>
    <property name="java.class.path" value="/Users/akhilahmedkakarla/eclipse-workspace/PetStoreAutomation/target/test-classes:/Users/akhilahmedkakarla/eclipse-workspace/PetStoreAutomation/target/classes:/Users/akhilahmedkakarla/.m2/repository/io/rest-assured/rest-assured/5.5.0/rest-assured-5.5.0.jar:/Users/akhilahmedkakarla/.m2/repository/org/apache/groovy/groovy/4.0.22/groovy-4.0.22.jar:/Users/akhilahmedkakarla/.m2/repository/org/apache/groovy/groovy-xml/4.0.22/groovy-xml-4.0.22.jar:/Users/akhilahmedkakarla/.m2/repository/org/apache/httpcomponents/httpclient/4.5.13/httpclient-4.5.13.jar:/Users/akhilahmedkakarla/.m2/repository/org/apache/httpcomponents/httpcore/4.4.13/httpcore-4.4.13.jar:/Users/akhilahmedkakarla/.m2/repository/commons-logging/commons-logging/1.2/commons-logging-1.2.jar:/Users/akhilahmedkakarla/.m2/repository/org/apache/httpcomponents/httpmime/4.5.13/httpmime-4.5.13.jar:/Users/akhilahmedkakarla/.m2/repository/org/hamcrest/hamcrest/2.2/hamcrest-2.2.jar:/Users/akhilahmedkakarla/.m2/repository/org/ccil/cowan/tagsoup/tagsoup/1.2.1/tagsoup-1.2.1.jar:/Users/akhilahmedkakarla/.m2/repository/io/rest-assured/xml-path/5.5.0/xml-path-5.5.0.jar:/Users/akhilahmedkakarla/.m2/repository/io/rest-assured/json-path/5.5.0/json-path-5.5.0.jar:/Users/akhilahmedkakarla/.m2/repository/org/apache/groovy/groovy-json/4.0.22/groovy-json-4.0.22.jar:/Users/akhilahmedkakarla/.m2/repository/io/rest-assured/rest-assured-common/5.5.0/rest-assured-common-5.5.0.jar:/Users/akhilahmedkakarla/.m2/repository/org/json/json/20240303/json-20240303.jar:/Users/akhilahmedkakarla/.m2/repository/org/testng/testng/7.10.2/testng-7.10.2.jar:/Users/akhilahmedkakarla/.m2/repository/org/slf4j/slf4j-api/1.7.36/slf4j-api-1.7.36.jar:/Users/akhilahmedkakarla/.m2/repository/com/beust/jcommander/1.82/jcommander-1.82.jar:/Users/akhilahmedkakarla/.m2/repository/org/webjars/jquery/3.7.1/jquery-3.7.1.jar:/Users/akhilahmedkakarla/.m2/repository/com/github/javafaker/javafaker/1.0.2/javafaker-1.0.2.jar:/Users/akhilahmedkakarla/.m2/repository/org/apache/commons/commons-lang3/3.5/commons-lang3-3.5.jar:/Users/akhilahmedkakarla/.m2/repository/org/yaml/snakeyaml/1.23/snakeyaml-1.23-android.jar:/Users/akhilahmedkakarla/.m2/repository/com/github/mifmif/generex/1.0.2/generex-1.0.2.jar:/Users/akhilahmedkakarla/.m2/repository/dk/brics/automaton/automaton/1.11-8/automaton-1.11-8.jar:/Users/akhilahmedkakarla/.m2/repository/com/aventstack/extentreports/5.1.2/extentreports-5.1.2.jar:/Users/akhilahmedkakarla/.m2/repository/io/reactivex/rxjava3/rxjava/3.1.6/rxjava-3.1.6.jar:/Users/akhilahmedkakarla/.m2/repository/org/reactivestreams/reactive-streams/1.0.4/reactive-streams-1.0.4.jar:/Users/akhilahmedkakarla/.m2/repository/org/freemarker/freemarker/2.3.32/freemarker-2.3.32.jar:/Users/akhilahmedkakarla/.m2/repository/org/projectlombok/lombok/1.18.26/lombok-1.18.26.jar:/Users/akhilahmedkakarla/.m2/repository/com/google/code/gson/gson/2.10.1/gson-2.10.1.jar:/Users/akhilahmedkakarla/.m2/repository/org/apache/poi/poi/5.3.0/poi-5.3.0.jar:/Users/akhilahmedkakarla/.m2/repository/commons-codec/commons-codec/1.17.0/commons-codec-1.17.0.jar:/Users/akhilahmedkakarla/.m2/repository/org/apache/commons/commons-collections4/4.4/commons-collections4-4.4.jar:/Users/akhilahmedkakarla/.m2/repository/org/apache/commons/commons-math3/3.6.1/commons-math3-3.6.1.jar:/Users/akhilahmedkakarla/.m2/repository/commons-io/commons-io/2.16.1/commons-io-2.16.1.jar:/Users/akhilahmedkakarla/.m2/repository/com/zaxxer/SparseBitSet/1.3/SparseBitSet-1.3.jar:/Users/akhilahmedkakarla/.m2/repository/org/apache/poi/poi-ooxml/5.3.0/poi-ooxml-5.3.0.jar:/Users/akhilahmedkakarla/.m2/repository/org/apache/poi/poi-ooxml-lite/5.3.0/poi-ooxml-lite-5.3.0.jar:/Users/akhilahmedkakarla/.m2/repository/org/apache/xmlbeans/xmlbeans/5.2.1/xmlbeans-5.2.1.jar:/Users/akhilahmedkakarla/.m2/repository/org/apache/commons/commons-compress/1.26.2/commons-compress-1.26.2.jar:/Users/akhilahmedkakarla/.m2/repository/com/github/virtuald/curvesapi/1.08/curvesapi-1.08.jar:/Users/akhilahmedkakarla/.m2/repository/org/apache/logging/log4j/log4j-core/2.24.0/log4j-core-2.24.0.jar:/Users/akhilahmedkakarla/.m2/repository/org/apache/logging/log4j/log4j-api/2.24.0/log4j-api-2.24.0.jar:"/>
    <property name="java.vm.vendor" value="Oracle Corporation"/>
    <property name="sun.arch.data.model" value="64"/>
    <property name="java.vendor.url" value="https://java.oracle.com/"/>
    <property name="user.timezone" value="America/Regina"/>
    <property name="os.name" value="Mac OS X"/>
    <property name="java.vm.specification.version" value="22"/>
    <property name="sun.java.launcher" value="SUN_STANDARD"/>
    <property name="user.country" value="CA"/>
    <property name="sun.boot.library.path" value="/Library/Java/JavaVirtualMachines/jdk-22.jdk/Contents/Home/lib"/>
    <property name="sun.java.command" value="/Users/akhilahmedkakarla/eclipse-workspace/PetStoreAutomation/target/surefire/surefirebooter-20241025214913561_3.jar /Users/akhilahmedkakarla/eclipse-workspace/PetStoreAutomation/target/surefire 2024-10-25T21-49-13_529-jvmRun1 surefire-20241025214913561_1tmp surefire_0-20241025214913561_2tmp"/>
    <property name="http.nonProxyHosts" value="local|*.local|169.254/16|*.169.254/16"/>
    <property name="jdk.debug" value="release"/>
    <property name="surefire.test.class.path" value="/Users/akhilahmedkakarla/eclipse-workspace/PetStoreAutomation/target/test-classes:/Users/akhilahmedkakarla/eclipse-workspace/PetStoreAutomation/target/classes:/Users/akhilahmedkakarla/.m2/repository/io/rest-assured/rest-assured/5.5.0/rest-assured-5.5.0.jar:/Users/akhilahmedkakarla/.m2/repository/org/apache/groovy/groovy/4.0.22/groovy-4.0.22.jar:/Users/akhilahmedkakarla/.m2/repository/org/apache/groovy/groovy-xml/4.0.22/groovy-xml-4.0.22.jar:/Users/akhilahmedkakarla/.m2/repository/org/apache/httpcomponents/httpclient/4.5.13/httpclient-4.5.13.jar:/Users/akhilahmedkakarla/.m2/repository/org/apache/httpcomponents/httpcore/4.4.13/httpcore-4.4.13.jar:/Users/akhilahmedkakarla/.m2/repository/commons-logging/commons-logging/1.2/commons-logging-1.2.jar:/Users/akhilahmedkakarla/.m2/repository/org/apache/httpcomponents/httpmime/4.5.13/httpmime-4.5.13.jar:/Users/akhilahmedkakarla/.m2/repository/org/hamcrest/hamcrest/2.2/hamcrest-2.2.jar:/Users/akhilahmedkakarla/.m2/repository/org/ccil/cowan/tagsoup/tagsoup/1.2.1/tagsoup-1.2.1.jar:/Users/akhilahmedkakarla/.m2/repository/io/rest-assured/xml-path/5.5.0/xml-path-5.5.0.jar:/Users/akhilahmedkakarla/.m2/repository/io/rest-assured/json-path/5.5.0/json-path-5.5.0.jar:/Users/akhilahmedkakarla/.m2/repository/org/apache/groovy/groovy-json/4.0.22/groovy-json-4.0.22.jar:/Users/akhilahmedkakarla/.m2/repository/io/rest-assured/rest-assured-common/5.5.0/rest-assured-common-5.5.0.jar:/Users/akhilahmedkakarla/.m2/repository/org/json/json/20240303/json-20240303.jar:/Users/akhilahmedkakarla/.m2/repository/org/testng/testng/7.10.2/testng-7.10.2.jar:/Users/akhilahmedkakarla/.m2/repository/org/slf4j/slf4j-api/1.7.36/slf4j-api-1.7.36.jar:/Users/akhilahmedkakarla/.m2/repository/com/beust/jcommander/1.82/jcommander-1.82.jar:/Users/akhilahmedkakarla/.m2/repository/org/webjars/jquery/3.7.1/jquery-3.7.1.jar:/Users/akhilahmedkakarla/.m2/repository/com/github/javafaker/javafaker/1.0.2/javafaker-1.0.2.jar:/Users/akhilahmedkakarla/.m2/repository/org/apache/commons/commons-lang3/3.5/commons-lang3-3.5.jar:/Users/akhilahmedkakarla/.m2/repository/org/yaml/snakeyaml/1.23/snakeyaml-1.23-android.jar:/Users/akhilahmedkakarla/.m2/repository/com/github/mifmif/generex/1.0.2/generex-1.0.2.jar:/Users/akhilahmedkakarla/.m2/repository/dk/brics/automaton/automaton/1.11-8/automaton-1.11-8.jar:/Users/akhilahmedkakarla/.m2/repository/com/aventstack/extentreports/5.1.2/extentreports-5.1.2.jar:/Users/akhilahmedkakarla/.m2/repository/io/reactivex/rxjava3/rxjava/3.1.6/rxjava-3.1.6.jar:/Users/akhilahmedkakarla/.m2/repository/org/reactivestreams/reactive-streams/1.0.4/reactive-streams-1.0.4.jar:/Users/akhilahmedkakarla/.m2/repository/org/freemarker/freemarker/2.3.32/freemarker-2.3.32.jar:/Users/akhilahmedkakarla/.m2/repository/org/projectlombok/lombok/1.18.26/lombok-1.18.26.jar:/Users/akhilahmedkakarla/.m2/repository/com/google/code/gson/gson/2.10.1/gson-2.10.1.jar:/Users/akhilahmedkakarla/.m2/repository/org/apache/poi/poi/5.3.0/poi-5.3.0.jar:/Users/akhilahmedkakarla/.m2/repository/commons-codec/commons-codec/1.17.0/commons-codec-1.17.0.jar:/Users/akhilahmedkakarla/.m2/repository/org/apache/commons/commons-collections4/4.4/commons-collections4-4.4.jar:/Users/akhilahmedkakarla/.m2/repository/org/apache/commons/commons-math3/3.6.1/commons-math3-3.6.1.jar:/Users/akhilahmedkakarla/.m2/repository/commons-io/commons-io/2.16.1/commons-io-2.16.1.jar:/Users/akhilahmedkakarla/.m2/repository/com/zaxxer/SparseBitSet/1.3/SparseBitSet-1.3.jar:/Users/akhilahmedkakarla/.m2/repository/org/apache/poi/poi-ooxml/5.3.0/poi-ooxml-5.3.0.jar:/Users/akhilahmedkakarla/.m2/repository/org/apache/poi/poi-ooxml-lite/5.3.0/poi-ooxml-lite-5.3.0.jar:/Users/akhilahmedkakarla/.m2/repository/org/apache/xmlbeans/xmlbeans/5.2.1/xmlbeans-5.2.1.jar:/Users/akhilahmedkakarla/.m2/repository/org/apache/commons/commons-compress/1.26.2/commons-compress-1.26.2.jar:/Users/akhilahmedkakarla/.m2/repository/com/github/virtuald/curvesapi/1.08/curvesapi-1.08.jar:/Users/akhilahmedkakarla/.m2/repository/org/apache/logging/log4j/log4j-core/2.24.0/log4j-core-2.24.0.jar:/Users/akhilahmedkakarla/.m2/repository/org/apache/logging/log4j/log4j-api/2.24.0/log4j-api-2.24.0.jar:"/>
    <property name="sun.cpu.endian" value="little"/>
    <property name="user.home" value="/Users/akhilahmedkakarla"/>
    <property name="user.language" value="en"/>
    <property name="java.specification.vendor" value="Oracle Corporation"/>
    <property name="java.version.date" value="2024-04-16"/>
    <property name="java.home" value="/Library/Java/JavaVirtualMachines/jdk-22.jdk/Contents/Home"/>
    <property name="file.separator" value="/"/>
    <property name="basedir" value="/Users/akhilahmedkakarla/eclipse-workspace/PetStoreAutomation"/>
    <property name="style.color" value="always"/>
    <property name="java.vm.compressedOopsMode" value="Zero based"/>
    <property name="line.separator" value="&#10;"/>
    <property name="java.vm.specification.vendor" value="Oracle Corporation"/>
    <property name="java.specification.name" value="Java Platform API Specification"/>
    <property name="apple.awt.application.name" value="ForkedBooter"/>
    <property name="surefire.real.class.path" value="/Users/akhilahmedkakarla/eclipse-workspace/PetStoreAutomation/target/surefire/surefirebooter-20241025214913561_3.jar"/>
    <property name="sun.management.compiler" value="HotSpot 64-Bit Tiered Compilers"/>
    <property name="ftp.nonProxyHosts" value="local|*.local|169.254/16|*.169.254/16"/>
    <property name="java.runtime.version" value="22.0.1+8-16"/>
    <property name="user.name" value="akhilahmedkakarla"/>
    <property name="stdout.encoding" value="UTF-8"/>
    <property name="path.separator" value=":"/>
    <property name="os.version" value="15.0.1"/>
    <property name="java.runtime.name" value="Java(TM) SE Runtime Environment"/>
    <property name="file.encoding" value="UTF-8"/>
    <property name="java.vm.name" value="Java HotSpot(TM) 64-Bit Server VM"/>
    <property name="localRepository" value="/Users/akhilahmedkakarla/.m2/repository"/>
    <property name="java.vendor.url.bug" value="https://bugreport.java.com/bugreport/"/>
    <property name="java.io.tmpdir" value="/var/folders/_h/m7cym40n0mb1hf6dm8by0s5m0000gn/T/"/>
    <property name="java.version" value="22.0.1"/>
    <property name="user.dir" value="/Users/akhilahmedkakarla/eclipse-workspace/PetStoreAutomation"/>
    <property name="os.arch" value="aarch64"/>
    <property name="java.vm.specification.name" value="Java Virtual Machine Specification"/>
    <property name="native.encoding" value="UTF-8"/>
    <property name="java.library.path" value="/Users/akhilahmedkakarla/Library/Java/Extensions:/Library/Java/Extensions:/Network/Library/Java/Extensions:/System/Library/Java/Extensions:/usr/lib/java:."/>
    <property name="java.vm.info" value="mixed mode, sharing"/>
    <property name="stderr.encoding" value="UTF-8"/>
    <property name="java.vendor" value="Oracle Corporation"/>
    <property name="java.vm.version" value="22.0.1+8-16"/>
    <property name="sun.io.unicode.encoding" value="UnicodeBig"/>
    <property name="socksNonProxyHosts" value="local|*.local|169.254/16|*.169.254/16"/>
    <property name="java.class.version" value="66.0"/>
  </properties>
  <testcase name="testPostUser" classname="api.test.UserTests2" time="0.84">
    <system-out><![CDATA[2024-10-26T03:49:14.045534Z main ERROR Policies contains an invalid element or attribute "SizeBasedTriggerPolicy"
21:49:14.058 [main] INFO  api.test.UserTests2 - **** Creating User ****
HTTP/1.1 200 OK
Date: Sat, 26 Oct 2024 03:49:14 GMT
Content-Type: application/json
Transfer-Encoding: chunked
Connection: keep-alive
Access-Control-Allow-Origin: *
Access-Control-Allow-Methods: GET, POST, DELETE, PUT
Access-Control-Allow-Headers: Content-Type, api_key, Authorization
Server: Jetty(9.2.9.v20150224)

{
    "code": 200,
    "type": "unknown",
    "message": "105579928"
}
]]></system-out>
    <system-err><![CDATA[SLF4J: Failed to load class "org.slf4j.impl.StaticLoggerBinder".
SLF4J: Defaulting to no-operation (NOP) logger implementation
SLF4J: See http://www.slf4j.org/codes.html#StaticLoggerBinder for further details.
]]></system-err>
  </testcase>
  <testcase name="testGetUserByName" classname="api.test.UserTests2" time="0.293">
    <system-out><![CDATA[21:49:14.898 [main] INFO  api.test.UserTests2 - **** Reading User Info ****
HTTP/1.1 200 OK
Date: Sat, 26 Oct 2024 03:49:15 GMT
Content-Type: application/json
Transfer-Encoding: chunked
Connection: keep-alive
Access-Control-Allow-Origin: *
Access-Control-Allow-Methods: GET, POST, DELETE, PUT
Access-Control-Allow-Headers: Content-Type, api_key, Authorization
Server: Jetty(9.2.9.v20150224)

{
    "id": 105579928,
    "username": "pearlene.fadel",
    "firstName": "Darryl",
    "email": "socorro.schoen@example.com",
    "password": "ukhvfo9y4",
    "phone": "355-463-4502",
    "userStatus": 0
}
21:49:15.191 [main] INFO  api.test.UserTests2 - **** User Info is Displayed  ****
]]></system-out>
  </testcase>
  <testcase name="testUpdateUserByName" classname="api.test.UserTests2" time="0.62">
    <system-out><![CDATA[21:49:15.192 [main] INFO  api.test.UserTests2 - **** Update User ****
{
    "code": 200,
    "type": "unknown",
    "message": "105579928"
}
21:49:15.495 [main] INFO  api.test.UserTests2 - ****  User updated ****
]]></system-out>
  </testcase>
  <testcase name="testDeleteUserByName" classname="api.test.UserTests2" time="0.341">
    <system-out><![CDATA[21:49:15.813 [main] INFO  api.test.UserTests2 - **** Deleting User ****
21:49:16.152 [main] INFO  api.test.UserTests2 - **** User Deleted  ****
]]></system-out>
  </testcase>
</testsuite>