<?xml version="1.0" encoding="UTF-8"?>
<!-- Generated by org.testng.reporters.JUnitReportReporter -->
<testsuite hostname="Mac" failures="0" tests="4" name="api.test.UserTests2" time="1.404" errors="0" timestamp="2024-10-14T20:22:52 EDT" skipped="0">
  <testcase classname="api.test.UserTests2" name="testPostUser" time="0.841"/>
  <testcase classname="api.test.UserTests2" name="testGetUserByName" time="0.149"/>
  <testcase classname="api.test.UserTests2" name="testUpdateUserByName" time="0.272"/>
  <testcase classname="api.test.UserTests2" name="testDeleteUserByName" time="0.142"/>
</testsuite> <!-- api.test.UserTests2 -->
