<?xml version="1.0" encoding="UTF-8"?>
<!-- Generated by org.testng.reporters.JUnitReportReporter -->
<testsuite hostname="Mac" failures="0" tests="4" name="api.test.UserTests" time="1.182" errors="0" timestamp="2024-10-14T13:45:15 EDT" skipped="0">
  <testcase classname="api.test.UserTests" name="testPostUser" time="0.601"/>
  <testcase classname="api.test.UserTests" name="testGetUserByName" time="0.143"/>
  <testcase classname="api.test.UserTests" name="testUpdateUserByName" time="0.283"/>
  <testcase classname="api.test.UserTests" name="testDeleteUserByName" time="0.155"/>
</testsuite> <!-- api.test.UserTests -->
