<?xml version="1.0" encoding="UTF-8"?>
<!-- Generated by org.testng.reporters.JUnitReportReporter -->
<testsuite hostname="Mac.gateway.sasktel.net" failures="0" tests="4" name="api.test.UserTests2" time="2.089" errors="0" timestamp="2024-10-25T21:49:16 CST" skipped="0">
  <testcase classname="api.test.UserTests2" name="testPostUser" time="0.838"/>
  <testcase classname="api.test.UserTests2" name="testGetUserByName" time="0.293"/>
  <testcase classname="api.test.UserTests2" name="testUpdateUserByName" time="0.618"/>
  <testcase classname="api.test.UserTests2" name="testDeleteUserByName" time="0.340"/>
</testsuite> <!-- api.test.UserTests2 -->
