<?xml version="1.0" encoding="UTF-8"?>
<!-- Generated by org.testng.reporters.JUnitReportReporter -->
<testsuite hostname="Mac" failures="0" tests="4" name="api.test.UserTests" time="1.204" errors="0" timestamp="2024-10-14T23:09:52 EDT" skipped="0">
  <testcase classname="api.test.UserTests" name="testPostUser" time="0.641"/>
  <testcase classname="api.test.UserTests" name="testGetUserByName" time="0.144"/>
  <testcase classname="api.test.UserTests" name="testUpdateUserByName" time="0.276"/>
  <testcase classname="api.test.UserTests" name="testDeleteUserByName" time="0.143"/>
</testsuite> <!-- api.test.UserTests -->
